  main.cpp
c:\users\k_mce\documents\uni\3rd year\agp\app\motionblurtest\main.cpp(50): warning C4305: 'initializing': truncation from 'double' to 'GLfloat'
c:\users\k_mce\documents\uni\3rd year\agp\app\motionblurtest\main.cpp(435): warning C4305: '-=': truncation from 'double' to 'T'
          with
          [
              T=float
          ]
c:\users\k_mce\documents\uni\3rd year\agp\app\motionblurtest\main.cpp(439): warning C4305: '+=': truncation from 'double' to 'T'
          with
          [
              T=float
          ]
c:\users\k_mce\documents\uni\3rd year\agp\app\motionblurtest\main.cpp(443): warning C4305: '-=': truncation from 'double' to 'T'
          with
          [
              T=float
          ]
c:\users\k_mce\documents\uni\3rd year\agp\app\motionblurtest\main.cpp(447): warning C4305: '+=': truncation from 'double' to 'T'
          with
          [
              T=float
          ]
c:\users\k_mce\documents\uni\3rd year\agp\app\motionblurtest\main.cpp(451): warning C4305: '+=': truncation from 'double' to 'T'
          with
          [
              T=float
          ]
c:\users\k_mce\documents\uni\3rd year\agp\app\motionblurtest\main.cpp(455): warning C4305: '-=': truncation from 'double' to 'T'
          with
          [
              T=float
          ]
c:\users\k_mce\documents\uni\3rd year\agp\app\motionblurtest\main.cpp(467): warning C4305: '+=': truncation from 'double' to 'T'
          with
          [
              T=float
          ]
c:\users\k_mce\documents\uni\3rd year\agp\app\motionblurtest\main.cpp(468): warning C4305: '-=': truncation from 'double' to 'T'
          with
          [
              T=float
          ]
rt3dObjLoader.obj : warning LNK4099: PDB 'vc141.pdb' was not found with 'rt3dObjLoader.obj' or at 'C:\Users\k_mce\Documents\Uni\3rd Year\AGP\App\MotionBlurTest\Debug\vc141.pdb'; linking object as if no debug info
rt3d.obj : warning LNK4099: PDB 'vc141.pdb' was not found with 'rt3d.obj' or at 'C:\Users\k_mce\Documents\Uni\3rd Year\AGP\App\MotionBlurTest\Debug\vc141.pdb'; linking object as if no debug info
  IndividualProject.vcxproj -> C:\Users\k_mce\Documents\Uni\3rd Year\AGP\App\MotionBlurTest\Debug\IndividualProject.exe
